<?xml version="1.0" encoding="UTF-8"?>
<testng-results skipped="0" failed="0" ignored="0" total="1" passed="1">
  <reporter-output>
  </reporter-output>
  <suite name="Default suite" duration-ms="62930" started-at="2018-04-02T17:25:20Z" finished-at="2018-04-02T17:26:23Z">
    <groups>
    </groups>
    <test name="Default test" duration-ms="62930" started-at="2018-04-02T17:25:20Z" finished-at="2018-04-02T17:26:23Z">
      <class name="Sincronias">
        <test-method status="PASS" signature="ejemplo1_sincronizacion()[pri:0, instance:Sincronias@68be2bc2]" name="ejemplo1_sincronizacion" duration-ms="62905" started-at="2018-04-02T17:25:20Z" finished-at="2018-04-02T17:26:23Z">
          <reporter-output>
          </reporter-output>
        </test-method> <!-- ejemplo1_sincronizacion -->
      </class> <!-- Sincronias -->
    </test> <!-- Default test -->
  </suite> <!-- Default suite -->
</testng-results>
