<?xml version="1.0" encoding="UTF-8"?>
<testng-results skipped="0" failed="0" ignored="0" total="3" passed="3">
  <reporter-output>
  </reporter-output>
  <suite name="Default suite" duration-ms="38" started-at="2018-04-02T21:35:21Z" finished-at="2018-04-02T21:35:21Z">
    <groups>
    </groups>
    <test name="Default test" duration-ms="38" started-at="2018-04-02T21:35:21Z" finished-at="2018-04-02T21:35:21Z">
      <class name="Julio_Group.MavenExamples.PruebaJenk1">
        <test-method status="PASS" signature="prueba1()[pri:0, instance:Julio_Group.MavenExamples.PruebaJenk1@5dfcfece]" name="prueba1" duration-ms="15" started-at="2018-04-02T21:35:21Z" finished-at="2018-04-02T21:35:21Z">
          <reporter-output>
          </reporter-output>
        </test-method> <!-- prueba1 -->
        <test-method status="PASS" signature="prueba2()[pri:0, instance:Julio_Group.MavenExamples.PruebaJenk1@5dfcfece]" name="prueba2" duration-ms="0" started-at="2018-04-02T21:35:21Z" finished-at="2018-04-02T21:35:21Z">
          <reporter-output>
          </reporter-output>
        </test-method> <!-- prueba2 -->
        <test-method status="PASS" signature="prueba3()[pri:0, instance:Julio_Group.MavenExamples.PruebaJenk1@5dfcfece]" name="prueba3" duration-ms="0" started-at="2018-04-02T21:35:21Z" finished-at="2018-04-02T21:35:21Z">
          <reporter-output>
          </reporter-output>
        </test-method> <!-- prueba3 -->
      </class> <!-- Julio_Group.MavenExamples.PruebaJenk1 -->
    </test> <!-- Default test -->
  </suite> <!-- Default suite -->
</testng-results>
