<?xml version="1.0" encoding="UTF-8"?>
<!-- Generated by org.testng.reporters.JUnitXMLReporter -->
<testsuite hostname="22HW020536" ignored="0" name="Default test" tests="4" failures="0" timestamp="22 Mar 2018 22:12:14 GMT" time="0.062" errors="0">
  <testcase name="parametros1" time="0.015" classname="test.ExampleTestNGParameters"/>
  <testcase name="parametros1" time="0.016" classname="test.ExampleTestNGParameters"/>
  <testcase name="parametros1" time="0.0" classname="test.ExampleTestNGParameters"/>
  <testcase name="parametros2" time="0.0" classname="test.ExampleTestNGParameters"/>
</testsuite> <!-- Default test -->
