<?xml version="1.0" encoding="UTF-8"?>
<testng-results skipped="0" failed="0" ignored="0" total="1" passed="1">
  <reporter-output>
  </reporter-output>
  <suite name="Default suite" duration-ms="47" started-at="2018-03-20T23:02:00Z" finished-at="2018-03-20T23:02:00Z">
    <groups>
    </groups>
    <test name="Default test" duration-ms="47" started-at="2018-03-20T23:02:00Z" finished-at="2018-03-20T23:02:00Z">
      <class name="test.FirstExample">
        <test-method status="PASS" signature="demo1()[pri:0, instance:test.FirstExample@215be6bb]" name="demo1" duration-ms="0" started-at="2018-03-20T23:02:00Z" finished-at="2018-03-20T23:02:00Z">
          <reporter-output>
          </reporter-output>
        </test-method> <!-- demo1 -->
      </class> <!-- test.FirstExample -->
    </test> <!-- Default test -->
  </suite> <!-- Default suite -->
</testng-results>
