<?xml version="1.0" encoding="UTF-8"?>
<!-- Generated by org.testng.reporters.JUnitXMLReporter -->
<testsuite hostname="22HW020536" ignored="3" name="Car Load" tests="2" failures="0" timestamp="22 Mar 2018 23:10:47 GMT" time="0.018" errors="0">
  <testcase name="LoginCarLoan" time="0.004" classname="test.TercerEjemplo"/>
  <testcase name="MovilLoginCarLoan" time="0.001" classname="test.TercerEjemplo"/>
  <testcase name="APICloseCarLoan" time="0.0" classname="test.TercerEjemplo">
    <ignored/>
  </testcase> <!-- APICloseCarLoan -->
  <testcase name="APILoginCarLoan" time="0.0" classname="test.TercerEjemplo">
    <ignored/>
  </testcase> <!-- APILoginCarLoan -->
  <testcase name="APILogoutCarLoan" time="0.0" classname="test.TercerEjemplo">
    <ignored/>
  </testcase> <!-- APILogoutCarLoan -->
</testsuite> <!-- Car Load -->
