<?xml version="1.0" encoding="UTF-8"?>
<!-- Generated by org.testng.reporters.JUnitXMLReporter -->
<testsuite hostname="22HW020536" ignored="2" name="Demo" tests="5" failures="0" timestamp="22 Mar 2018 23:10:47 GMT" time="0.072" errors="0">
  <testcase name="demo1" time="0.0" classname="test.FirstExample"/>
  <testcase name="demo2" time="0.025" classname="test.FirstExample"/>
  <testcase name="demo1" time="0.0" classname="test.SecondExample"/>
  <testcase name="demo2" time="0.0" classname="test.SecondExample"/>
  <testcase name="LoginHomeCarLoan" time="0.0" classname="test.CuartoEjemplo"/>
  <testcase name="MovilLoginHomeCarLoan" time="0.0" classname="test.CuartoEjemplo">
    <ignored/>
  </testcase> <!-- MovilLoginHomeCarLoan -->
  <testcase name="LoginAPIHomeCarLoan" time="0.0" classname="test.CuartoEjemplo">
    <ignored/>
  </testcase> <!-- LoginAPIHomeCarLoan -->
</testsuite> <!-- Demo -->
