<?xml version="1.0" encoding="UTF-8"?>
<!-- Generated by org.testng.reporters.JUnitXMLReporter -->
<testsuite hostname="22HW020536" ignored="0" name="Demo1" tests="12" failures="0" timestamp="21 Mar 2018 21:05:29 GMT" time="0.085" errors="0">
  <testcase name="LoginAPIHomeCarLoan" time="0.016" classname="test.CuartoEjemplo"/>
  <testcase name="LoginHomeCarLoan" time="0.0" classname="test.CuartoEjemplo"/>
  <testcase name="MovilLoginHomeCarLoan" time="0.0" classname="test.CuartoEjemplo"/>
  <testcase name="demo1" time="0.015" classname="test.FirstExample"/>
  <testcase name="demo2" time="0.0" classname="test.FirstExample"/>
  <testcase name="demo1" time="0.0" classname="test.SecondExample"/>
  <testcase name="demo2" time="0.0" classname="test.SecondExample"/>
  <testcase name="APICloseCarLoan" time="0.0" classname="test.TercerEjemplo"/>
  <testcase name="APILoginCarLoan" time="0.003" classname="test.TercerEjemplo"/>
  <testcase name="APILogoutCarLoan" time="0.0" classname="test.TercerEjemplo"/>
  <testcase name="LoginCarLoan" time="0.0" classname="test.TercerEjemplo"/>
  <testcase name="MovilLoginCarLoan" time="0.0" classname="test.TercerEjemplo"/>
</testsuite> <!-- Demo1 -->
