<?xml version="1.0" encoding="UTF-8"?>
<!-- Generated by org.testng.reporters.JUnitXMLReporter -->
<testsuite hostname="22HW020536" ignored="0" name="Femo1" tests="7" failures="0" timestamp="21 Mar 2018 17:17:41 GMT" time="0.084" errors="0">
  <testcase name="demo1" time="0.0" classname="test.FirstExample"/>
  <testcase name="demo2" time="0.0" classname="test.FirstExample"/>
  <testcase name="demo1" time="0.0" classname="test.SecondExample"/>
  <testcase name="demo2" time="0.0" classname="test.SecondExample"/>
  <testcase name="LoginAPIHomeCarLoan" time="0.0" classname="test.CuartoEjemplo"/>
  <testcase name="LoginHomeCarLoan" time="0.0" classname="test.CuartoEjemplo"/>
  <testcase name="MovilLoginHomeCarLoan" time="0.0" classname="test.CuartoEjemplo"/>
</testsuite> <!-- Femo1 -->
