<?xml version="1.0" encoding="UTF-8"?>
<!-- Generated by org.testng.reporters.JUnitXMLReporter -->
<testsuite hostname="22HW020536" ignored="8" name="Regression" tests="4" failures="0" timestamp="21 Mar 2018 22:25:32 GMT" time="0.071" errors="0">
  <testcase name="demo2" time="0.016" classname="test.FirstExample"/>
  <testcase name="demo2" time="0.0" classname="test.SecondExample"/>
  <testcase name="LoginAPIHomeCarLoan" time="0.0" classname="test.CuartoEjemplo"/>
  <testcase name="APILogoutCarLoan" time="0.0" classname="test.TercerEjemplo"/>
  <testcase name="demo1" time="0.0" classname="test.FirstExample">
    <ignored/>
  </testcase> <!-- demo1 -->
  <testcase name="APICloseCarLoan" time="0.0" classname="test.TercerEjemplo">
    <ignored/>
  </testcase> <!-- APICloseCarLoan -->
  <testcase name="APILoginCarLoan" time="0.0" classname="test.TercerEjemplo">
    <ignored/>
  </testcase> <!-- APILoginCarLoan -->
  <testcase name="demo1" time="0.0" classname="test.SecondExample">
    <ignored/>
  </testcase> <!-- demo1 -->
  <testcase name="MovilLoginHomeCarLoan" time="0.0" classname="test.CuartoEjemplo">
    <ignored/>
  </testcase> <!-- MovilLoginHomeCarLoan -->
  <testcase name="MovilLoginCarLoan" time="0.0" classname="test.TercerEjemplo">
    <ignored/>
  </testcase> <!-- MovilLoginCarLoan -->
  <testcase name="LoginHomeCarLoan" time="0.0" classname="test.CuartoEjemplo">
    <ignored/>
  </testcase> <!-- LoginHomeCarLoan -->
  <testcase name="LoginCarLoan" time="0.0" classname="test.TercerEjemplo">
    <ignored/>
  </testcase> <!-- LoginCarLoan -->
</testsuite> <!-- Regression -->
