<?xml version="1.0" encoding="UTF-8"?>
<!-- Generated by org.testng.reporters.JUnitXMLReporter -->
<testsuite hostname="22HW020536" ignored="0" name="Default test" tests="3" failures="0" timestamp="02 Apr 2018 21:35:22 GMT" time="0.038" errors="0">
  <testcase name="prueba1" time="0.015" classname="Julio_Group.MavenExamples.PruebaJenk1"/>
  <testcase name="prueba2" time="0.0" classname="Julio_Group.MavenExamples.PruebaJenk1"/>
  <testcase name="prueba3" time="0.0" classname="Julio_Group.MavenExamples.PruebaJenk1"/>
</testsuite> <!-- Default test -->
